Flow report for animation
Tue Nov 30 14:47:14 2010
Quartus II Version 9.1 Build 350 03/24/2010 Service Pack 2 SJ Full Version


---------------------
; Table of Contents ;
---------------------
  1. Legal Notice
  2. Flow Summary
  3. Flow Settings
  4. Flow Non-Default Global Settings
  5. Flow Elapsed Time
  6. Flow OS Summary
  7. Flow Log



----------------
; Legal Notice ;
----------------
Copyright (C) 1991-2010 Altera Corporation
Your use of Altera Corporation's design tools, logic functions 
and other software and tools, and its AMPP partner logic 
functions, and any output files from any of the foregoing 
(including device programming or simulation files), and any 
associated documentation or information are expressly subject 
to the terms and conditions of the Altera Program License 
Subscription Agreement, Altera MegaCore Function License 
Agreement, or other applicable license agreement, including, 
without limitation, that your use is for the sole purpose of 
programming logic devices manufactured by Altera and sold by 
Altera or its authorized distributors.  Please refer to the 
applicable agreement for further details.



+------------------------------------------------------------------------------------+
; Flow Summary                                                                       ;
+------------------------------------+-----------------------------------------------+
; Flow Status                        ; Successful - Tue Nov 30 14:47:14 2010         ;
; Quartus II Version                 ; 9.1 Build 350 03/24/2010 SP 2 SJ Full Version ;
; Revision Name                      ; animation                                     ;
; Top-level Entity Name              ; animation                                     ;
; Family                             ; Cyclone II                                    ;
; Device                             ; EP2C35F672C6                                  ;
; Timing Models                      ; Final                                         ;
; Met timing requirements            ; No                                            ;
; Total logic elements               ; 1,069 / 33,216 ( 3 % )                        ;
;     Total combinational functions  ; 999 / 33,216 ( 3 % )                          ;
;     Dedicated logic registers      ; 318 / 33,216 ( < 1 % )                        ;
; Total registers                    ; 318                                           ;
; Total pins                         ; 198 / 475 ( 42 % )                            ;
; Total virtual pins                 ; 0                                             ;
; Total memory bits                  ; 71,680 / 483,840 ( 15 % )                     ;
; Embedded Multiplier 9-bit elements ; 0 / 70 ( 0 % )                                ;
; Total PLLs                         ; 1 / 4 ( 25 % )                                ;
+------------------------------------+-----------------------------------------------+


+-----------------------------------------+
; Flow Settings                           ;
+-------------------+---------------------+
; Option            ; Setting             ;
+-------------------+---------------------+
; Start date & time ; 11/30/2010 14:46:26 ;
; Main task         ; Compilation         ;
; Revision Name     ; animation           ;
+-------------------+---------------------+


+-----------------------------------------------------------------------------------------------------------------------------------------------------+
; Flow Non-Default Global Settings                                                                                                                    ;
+----------------------------------+-----------------------------------------------------------------------+---------------+-------------+------------+
; Assignment Name                  ; Value                                                                 ; Default Value ; Entity Name ; Section Id ;
+----------------------------------+-----------------------------------------------------------------------+---------------+-------------+------------+
; COMPILER_SIGNATURE_ID            ; 156980626150.129114638602132                                          ; --            ; --          ; --         ;
; CYCLONEII_OPTIMIZATION_TECHNIQUE ; Speed                                                                 ; Balanced      ; --          ; --         ;
; ENABLE_CLOCK_LATENCY             ; On                                                                    ; Off           ; --          ; --         ;
; FMAX_REQUIREMENT                 ; 100 MHz                                                               ; --            ; --          ; --         ;
; MISC_FILE                        ; C:/Users/miro/Desktop/Final Project/Lab7_solution/part3/animation.dpf ; --            ; --          ; --         ;
; PARTITION_COLOR                  ; 16764057                                                              ; --            ; --          ; Top        ;
; PARTITION_NETLIST_TYPE           ; SOURCE                                                                ; --            ; --          ; Top        ;
; REPORT_IO_PATHS_SEPARATELY       ; On                                                                    ; Off           ; --          ; --         ;
+----------------------------------+-----------------------------------------------------------------------+---------------+-------------+------------+


+-----------------------------------------------------------------------------------------------------------------------------+
; Flow Elapsed Time                                                                                                           ;
+-------------------------+--------------+-------------------------+---------------------+------------------------------------+
; Module Name             ; Elapsed Time ; Average Processors Used ; Peak Virtual Memory ; Total CPU Time (on all processors) ;
+-------------------------+--------------+-------------------------+---------------------+------------------------------------+
; Analysis & Synthesis    ; 00:00:16     ; 1.0                     ; 192 MB              ; 00:00:10                           ;
; Fitter                  ; 00:00:16     ; 3.2                     ; 258 MB              ; 00:00:15                           ;
; Assembler               ; 00:00:05     ; 1.0                     ; 218 MB              ; 00:00:03                           ;
; Classic Timing Analyzer ; 00:00:03     ; 1.0                     ; 131 MB              ; 00:00:01                           ;
; Total                   ; 00:00:40     ; --                      ; --                  ; 00:00:29                           ;
+-------------------------+--------------+-------------------------+---------------------+------------------------------------+


+---------------------------------------------------------------------------------------+
; Flow OS Summary                                                                       ;
+-------------------------+------------------+------------+------------+----------------+
; Module Name             ; Machine Hostname ; OS Name    ; OS Version ; Processor type ;
+-------------------------+------------------+------------+------------+----------------+
; Analysis & Synthesis    ; desl41           ; Windows XP ; 5.1        ; i686           ;
; Fitter                  ; desl41           ; Windows XP ; 5.1        ; i686           ;
; Assembler               ; desl41           ; Windows XP ; 5.1        ; i686           ;
; Classic Timing Analyzer ; desl41           ; Windows XP ; 5.1        ; i686           ;
+-------------------------+------------------+------------+------------+----------------+


------------
; Flow Log ;
------------
quartus_map --read_settings_files=on --write_settings_files=off animation -c animation
quartus_fit --read_settings_files=off --write_settings_files=off animation -c animation
quartus_asm --read_settings_files=off --write_settings_files=off animation -c animation
quartus_tan --read_settings_files=off --write_settings_files=off animation -c animation --timing_analysis_only



